<?xml version="1.0" encoding="UTF-8"?>
<!-- Generated by org.testng.reporters.JUnitReportReporter -->
<testsuite skipped="0" hostname="user-PC" name="testcases.TC004_DeleteLead" tests="1" failures="0" timestamp="12 Apr 2018 16:31:06 GMT" time="43.674" errors="0">
  <testcase name="deleteLead" time="43.674" classname="testcases.TC004_DeleteLead"/>
</testsuite> <!-- testcases.TC004_DeleteLead -->
