<?xml version="1.0" encoding="UTF-8"?>
<!-- Generated by org.testng.reporters.JUnitReportReporter -->
<testsuite skipped="0" hostname="user-PC" name="testcases.TC002_MergeLead" tests="1" failures="0" timestamp="12 Apr 2018 18:12:01 GMT" time="46.042" errors="0">
  <testcase name="mergeLead" time="46.042" classname="testcases.TC002_MergeLead"/>
</testsuite> <!-- testcases.TC002_MergeLead -->
