<?xml version="1.0" encoding="UTF-8"?>
<!-- Generated by org.testng.reporters.JUnitReportReporter -->
<testsuite skipped="0" hostname="user-PC" name="testcases.TC005_DuplicateLead" tests="1" failures="0" timestamp="12 Apr 2018 16:41:19 GMT" time="38.774" errors="0">
  <testcase name="duplicatelead" time="38.774" classname="testcases.TC005_DuplicateLead"/>
</testsuite> <!-- testcases.TC005_DuplicateLead -->
