<?xml version="1.0" encoding="UTF-8"?>
<!-- Generated by org.testng.reporters.JUnitReportReporter -->
<testsuite skipped="0" hostname="user-PC" name="testcases.TC001_CreateLead" tests="2" failures="0" timestamp="11 Apr 2018 16:39:41 GMT" time="106.911" errors="0">
  <testcase name="createLead" time="49.796" classname="testcases.TC001_CreateLead"/>
  <testcase name="createLead" time="57.115" classname="testcases.TC001_CreateLead"/>
</testsuite> <!-- testcases.TC001_CreateLead -->
