<?xml version="1.0" encoding="UTF-8"?>
<!-- Generated by org.testng.reporters.JUnitReportReporter -->
<testsuite skipped="0" hostname="user-PC" name="testcases.TC003_EditLead" tests="1" failures="0" timestamp="12 Apr 2018 17:05:25 GMT" time="29.041" errors="0">
  <testcase name="editLead" time="29.041" classname="testcases.TC003_EditLead"/>
</testsuite> <!-- testcases.TC003_EditLead -->
